<?xml version="1.0" encoding="UTF-8"?>
<!-- Generated by org.testng.reporters.JUnitXMLReporter -->
<testsuite ignored="0" hostname="MSI" failures="6" tests="6" name="Test" time="0.095" errors="0" timestamp="2024-06-26T17:44:37 IST">
  <testcase classname="learning.UiLoginTest" name="the_user_clicks_on_the_logout_buttonTest" time="0.011">
    <failure type="java.lang.RuntimeException" message="Test not implemented">
      <![CDATA[java.lang.RuntimeException: Test not implemented
at learning.UiLoginTest.the_user_clicks_on_the_logout_buttonTest(UiLoginTest.java:9)
at java.base/java.util.ArrayList.forEach(ArrayList.java:1597)
... Removed 25 stack frames]]>
    </failure>
  </testcase> <!-- the_user_clicks_on_the_logout_buttonTest -->
  <testcase classname="learning.UiLoginTest" name="the_user_enters_valid_credentialsTest" time="0.001">
    <failure type="java.lang.RuntimeException" message="Test not implemented">
      <![CDATA[java.lang.RuntimeException: Test not implemented
at learning.UiLoginTest.the_user_enters_valid_credentialsTest(UiLoginTest.java:14)
at java.base/java.util.ArrayList.forEach(ArrayList.java:1597)
... Removed 25 stack frames]]>
    </failure>
  </testcase> <!-- the_user_enters_valid_credentialsTest -->
  <testcase classname="learning.UiLoginTest" name="the_user_is_logged_inTest" time="0.001">
    <failure type="java.lang.RuntimeException" message="Test not implemented">
      <![CDATA[java.lang.RuntimeException: Test not implemented
at learning.UiLoginTest.the_user_is_logged_inTest(UiLoginTest.java:19)
at java.base/java.util.ArrayList.forEach(ArrayList.java:1597)
... Removed 25 stack frames]]>
    </failure>
  </testcase> <!-- the_user_is_logged_inTest -->
  <testcase classname="learning.UiLoginTest" name="the_user_is_on_the_login_pageTest" time="0.002">
    <failure type="java.lang.RuntimeException" message="Test not implemented">
      <![CDATA[java.lang.RuntimeException: Test not implemented
at learning.UiLoginTest.the_user_is_on_the_login_pageTest(UiLoginTest.java:24)
at java.base/java.util.ArrayList.forEach(ArrayList.java:1597)
... Removed 25 stack frames]]>
    </failure>
  </testcase> <!-- the_user_is_on_the_login_pageTest -->
  <testcase classname="learning.UiLoginTest" name="the_user_should_be_logged_in_successfullyTest" time="0.002">
    <failure type="java.lang.RuntimeException" message="Test not implemented">
      <![CDATA[java.lang.RuntimeException: Test not implemented
at learning.UiLoginTest.the_user_should_be_logged_in_successfullyTest(UiLoginTest.java:29)
at java.base/java.util.ArrayList.forEach(ArrayList.java:1597)
... Removed 25 stack frames]]>
    </failure>
  </testcase> <!-- the_user_should_be_logged_in_successfullyTest -->
  <testcase classname="learning.UiLoginTest" name="the_user_should_be_logged_out_successfullyTest" time="0.001">
    <failure type="java.lang.RuntimeException" message="Test not implemented">
      <![CDATA[java.lang.RuntimeException: Test not implemented
at learning.UiLoginTest.the_user_should_be_logged_out_successfullyTest(UiLoginTest.java:34)
at java.base/java.util.ArrayList.forEach(ArrayList.java:1597)
... Removed 25 stack frames]]>
    </failure>
  </testcase> <!-- the_user_should_be_logged_out_successfullyTest -->
</testsuite> <!-- Test -->
